# JRE version: OpenJDK Runtime Environment (8.0_131-b11) (build 1.8.0_131-8u131-b11-0ubuntu1.17.04.1-b11)
# Java VM: OpenJDK 64-Bit Server VM (25.131-b11 mixed mode linux-amd64 compressed oops)
Heap:
 PSYoungGen      total 198656K, used 16703K [0x00000000eab00000, 0x00000000f8000000, 0x0000000100000000)
  eden space 181760K, 0% used [0x00000000eab00000,0x00000000eab00000,0x00000000f5c80000)
  from space 16896K, 98% used [0x00000000f5f00000,0x00000000f6f4fce8,0x00000000f6f80000)
  to   space 12288K, 0% used [0x00000000f7400000,0x00000000f7400000,0x00000000f8000000)
 ParOldGen       total 93696K, used 19391K [0x00000000c0000000, 0x00000000c5b80000, 0x00000000eab00000)
  object space 93696K, 20% used [0x00000000c0000000,0x00000000c12efd40,0x00000000c5b80000)
 Metaspace       used 46796K, capacity 48206K, committed 48512K, reserved 1091584K
  class space    used 6375K, capacity 6710K, committed 6784K, reserved 1048576K
GC Heap History (10 events):
Event: 1.540 GC heap after
Heap after GC invocations=4 (full 0):
 PSYoungGen      total 132096K, used 5088K [0x00000000eab00000, 0x00000000f3100000, 0x0000000100000000)
  eden space 126976K, 0% used [0x00000000eab00000,0x00000000eab00000,0x00000000f2700000)
  from space 5120K, 99% used [0x00000000f2c00000,0x00000000f30f8020,0x00000000f3100000)
  to   space 5120K, 0% used [0x00000000f2700000,0x00000000f2700000,0x00000000f2c00000)
 ParOldGen       total 84992K, used 7571K [0x00000000c0000000, 0x00000000c5300000, 0x00000000eab00000)
  object space 84992K, 8% used [0x00000000c0000000,0x00000000c0764d60,0x00000000c5300000)
 Metaspace       used 20812K, capacity 21090K, committed 21296K, reserved 1067008K
  class space    used 2722K, capacity 2825K, committed 2944K, reserved 1048576K
}
Event: 1.540 GC heap before
{Heap before GC invocations=5 (full 1):
 PSYoungGen      total 132096K, used 5088K [0x00000000eab00000, 0x00000000f3100000, 0x0000000100000000)
  eden space 126976K, 0% used [0x00000000eab00000,0x00000000eab00000,0x00000000f2700000)
  from space 5120K, 99% used [0x00000000f2c00000,0x00000000f30f8020,0x00000000f3100000)
  to   space 5120K, 0% used [0x00000000f2700000,0x00000000f2700000,0x00000000f2c00000)
 ParOldGen       total 84992K, used 7571K [0x00000000c0000000, 0x00000000c5300000, 0x00000000eab00000)
  object space 84992K, 8% used [0x00000000c0000000,0x00000000c0764d60,0x00000000c5300000)
 Metaspace       used 20812K, capacity 21090K, committed 21296K, reserved 1067008K
  class space    used 2722K, capacity 2825K, committed 2944K, reserved 1048576K
Event: 1.593 GC heap after
Heap after GC invocations=5 (full 1):
 PSYoungGen      total 132096K, used 0K [0x00000000eab00000, 0x00000000f3100000, 0x0000000100000000)
  eden space 126976K, 0% used [0x00000000eab00000,0x00000000eab00000,0x00000000f2700000)
  from space 5120K, 0% used [0x00000000f2c00000,0x00000000f2c00000,0x00000000f3100000)
  to   space 5120K, 0% used [0x00000000f2700000,0x00000000f2700000,0x00000000f2c00000)
 ParOldGen       total 59904K, used 7444K [0x00000000c0000000, 0x00000000c3a80000, 0x00000000eab00000)
  object space 59904K, 12% used [0x00000000c0000000,0x00000000c0745320,0x00000000c3a80000)
 Metaspace       used 20812K, capacity 21090K, committed 21296K, reserved 1067008K
  class space    used 2722K, capacity 2825K, committed 2944K, reserved 1048576K
}
Event: 20.429 GC heap before
{Heap before GC invocations=6 (full 1):
 PSYoungGen      total 132096K, used 126976K [0x00000000eab00000, 0x00000000f3100000, 0x0000000100000000)
  eden space 126976K, 100% used [0x00000000eab00000,0x00000000f2700000,0x00000000f2700000)
  from space 5120K, 0% used [0x00000000f2c00000,0x00000000f2c00000,0x00000000f3100000)
  to   space 5120K, 0% used [0x00000000f2700000,0x00000000f2700000,0x00000000f2c00000)
 ParOldGen       total 59904K, used 7444K [0x00000000c0000000, 0x00000000c3a80000, 0x00000000eab00000)
  object space 59904K, 12% used [0x00000000c0000000,0x00000000c0745320,0x00000000c3a80000)
 Metaspace       used 30578K, capacity 31104K, committed 31488K, reserved 1077248K
  class space    used 4165K, capacity 4352K, committed 4352K, reserved 1048576K
Event: 20.504 GC heap after
Heap after GC invocations=6 (full 1):
 PSYoungGen      total 132096K, used 5088K [0x00000000eab00000, 0x00000000f8300000, 0x0000000100000000)
  eden space 126976K, 0% used [0x00000000eab00000,0x00000000eab00000,0x00000000f2700000)
  from space 5120K, 99% used [0x00000000f2700000,0x00000000f2bf8010,0x00000000f2c00000)
  to   space 15360K, 0% used [0x00000000f7400000,0x00000000f7400000,0x00000000f8300000)
 ParOldGen       total 59904K, used 15780K [0x00000000c0000000, 0x00000000c3a80000, 0x00000000eab00000)
  object space 59904K, 26% used [0x00000000c0000000,0x00000000c0f69200,0x00000000c3a80000)
 Metaspace       used 30578K, capacity 31104K, committed 31488K, reserved 1077248K
  class space    used 4165K, capacity 4352K, committed 4352K, reserved 1048576K
}
Event: 38.280 GC heap before
{Heap before GC invocations=7 (full 1):
 PSYoungGen      total 132096K, used 81622K [0x00000000eab00000, 0x00000000f8300000, 0x0000000100000000)
  eden space 126976K, 60% used [0x00000000eab00000,0x00000000ef5bda18,0x00000000f2700000)
  from space 5120K, 99% used [0x00000000f2700000,0x00000000f2bf8010,0x00000000f2c00000)
  to   space 15360K, 0% used [0x00000000f7400000,0x00000000f7400000,0x00000000f8300000)
 ParOldGen       total 59904K, used 15780K [0x00000000c0000000, 0x00000000c3a80000, 0x00000000eab00000)
  object space 59904K, 26% used [0x00000000c0000000,0x00000000c0f69200,0x00000000c3a80000)
 Metaspace       used 34759K, capacity 35356K, committed 35496K, reserved 1079296K
  class space    used 4684K, capacity 4858K, committed 4864K, reserved 1048576K
Event: 38.309 GC heap after
Heap after GC invocations=7 (full 1):
 PSYoungGen      total 194048K, used 12284K [0x00000000eab00000, 0x00000000f8000000, 0x0000000100000000)
  eden space 181760K, 0% used [0x00000000eab00000,0x00000000eab00000,0x00000000f5c80000)
  from space 12288K, 99% used [0x00000000f7400000,0x00000000f7fff120,0x00000000f8000000)
  to   space 16896K, 0% used [0x00000000f5f00000,0x00000000f5f00000,0x00000000f6f80000)
 ParOldGen       total 59904K, used 15788K [0x00000000c0000000, 0x00000000c3a80000, 0x00000000eab00000)
  object space 59904K, 26% used [0x00000000c0000000,0x00000000c0f6b200,0x00000000c3a80000)
 Metaspace       used 34759K, capacity 35356K, committed 35496K, reserved 1079296K
  class space    used 4684K, capacity 4858K, committed 4864K, reserved 1048576K
}
Event: 38.310 GC heap before
{Heap before GC invocations=8 (full 2):
 PSYoungGen      total 194048K, used 12284K [0x00000000eab00000, 0x00000000f8000000, 0x0000000100000000)
  eden space 181760K, 0% used [0x00000000eab00000,0x00000000eab00000,0x00000000f5c80000)
  from space 12288K, 99% used [0x00000000f7400000,0x00000000f7fff120,0x00000000f8000000)
  to   space 16896K, 0% used [0x00000000f5f00000,0x00000000f5f00000,0x00000000f6f80000)
 ParOldGen       total 59904K, used 15788K [0x00000000c0000000, 0x00000000c3a80000, 0x00000000eab00000)
  object space 59904K, 26% used [0x00000000c0000000,0x00000000c0f6b200,0x00000000c3a80000)
 Metaspace       used 34759K, capacity 35356K, committed 35496K, reserved 1079296K
  class space    used 4684K, capacity 4858K, committed 4864K, reserved 1048576K
Event: 38.361 GC heap after
Heap after GC invocations=8 (full 2):
 PSYoungGen      total 194048K, used 0K [0x00000000eab00000, 0x00000000f8000000, 0x0000000100000000)
  eden space 181760K, 0% used [0x00000000eab00000,0x00000000eab00000,0x00000000f5c80000)
  from space 12288K, 0% used [0x00000000f7400000,0x00000000f7400000,0x00000000f8000000)
  to   space 16896K, 0% used [0x00000000f5f00000,0x00000000f5f00000,0x00000000f6f80000)
 ParOldGen       total 93696K, used 19319K [0x00000000c0000000, 0x00000000c5b80000, 0x00000000eab00000)
  object space 93696K, 20% used [0x00000000c0000000,0x00000000c12ddd30,0x00000000c5b80000)
 Metaspace       used 34759K, capacity 35356K, committed 35496K, reserved 1079296K
  class space    used 4684K, capacity 4858K, committed 4864K, reserved 1048576K
}
Event: 72.432 GC heap before
{Heap before GC invocations=9 (full 2):
 PSYoungGen      total 194048K, used 181760K [0x00000000eab00000, 0x00000000f8000000, 0x0000000100000000)
  eden space 181760K, 100% used [0x00000000eab00000,0x00000000f5c80000,0x00000000f5c80000)
  from space 12288K, 0% used [0x00000000f7400000,0x00000000f7400000,0x00000000f8000000)
  to   space 16896K, 0% used [0x00000000f5f00000,0x00000000f5f00000,0x00000000f6f80000)
 ParOldGen       total 93696K, used 19319K [0x00000000c0000000, 0x00000000c5b80000, 0x00000000eab00000)
  object space 93696K, 20% used [0x00000000c0000000,0x00000000c12ddd30,0x00000000c5b80000)
 Metaspace       used 46796K, capacity 48206K, committed 48512K, reserved 1091584K
  class space    used 6375K, capacity 6710K, committed 6784K, reserved 1048576K

